2020-10-17 17:26:37 Notice: Deprecated (16384): ServerRequest::session() is deprecated. Use getSession() instead. The setter part will be removed. - C:\Program Files\Ampps\www\Tp1_JeanFrancoisSergerie\src\Controller\AppController.php, line: 44
 You can disable deprecation warnings by setting `Error.errorLevel` to `E_ALL & ~E_USER_DEPRECATED` in your config/app.php. in [C:\Program Files\Ampps\www\Tp1_JeanFrancoisSergerie\vendor\cakephp\cakephp\src\Core\functions.php, line 311]
Trace:
Cake\Error\BaseErrorHandler::handleError() - CORE\src\Error\BaseErrorHandler.php, line 168
deprecationWarning - CORE\src\Core\functions.php, line 311
Cake\Http\ServerRequest::session() - CORE\src\Http\ServerRequest.php, line 588
App\Controller\AppController::initialize() - APP/Controller\AppController.php, line 44
Cake\Controller\Controller::__construct() - CORE\src\Controller\Controller.php, line 270
Bake\Shell\Task\TestTask::buildTestSubject() - ROOT\vendor\cakephp\bake\src\Shell\Task\TestTask.php, line 330
Bake\Shell\Task\TestTask::bake() - ROOT\vendor\cakephp\bake\src\Shell\Task\TestTask.php, line 237
Bake\Shell\Task\ControllerTask::bakeTest() - ROOT\vendor\cakephp\bake\src\Shell\Task\ControllerTask.php, line 213
Bake\Shell\Task\ControllerTask::bake() - ROOT\vendor\cakephp\bake\src\Shell\Task\ControllerTask.php, line 162
Bake\Shell\Task\ControllerTask::main() - ROOT\vendor\cakephp\bake\src\Shell\Task\ControllerTask.php, line 69
Bake\Shell\BakeShell::Bake\Shell\{closure}() - ROOT\vendor\cakephp\bake\src\Shell\BakeShell.php, line 282
Cake\Collection\Collection::each() - CORE\src\Collection\CollectionTrait.php, line 64
Bake\Shell\BakeShell::all() - ROOT\vendor\cakephp\bake\src\Shell\BakeShell.php, line 283
Cake\Console\Shell::runCommand() - CORE\src\Console\Shell.php, line 517
Cake\Console\CommandRunner::runShell() - CORE\src\Console\CommandRunner.php, line 384
Cake\Console\CommandRunner::run() - CORE\src\Console\CommandRunner.php, line 162
[main] - ROOT\bin\cake.php, line 12



2020-11-18 16:48:34 Notice: Deprecated (16384): RouteBuilder::extensions() is deprecated. Use RouteBuilder::setExtensions()/getExtensions() instead. - C:\Program Files\Ampps\www\Tp1_JeanFrancoisSergerie\config\routes.php, line: 26
 You can disable deprecation warnings by setting `Error.errorLevel` to `E_ALL & ~E_USER_DEPRECATED` in your config/app.php. in [C:\Program Files\Ampps\www\Tp1_JeanFrancoisSergerie\vendor\cakephp\cakephp\src\Core\functions.php, line 311]
Trace:
Cake\Error\BaseErrorHandler::handleError() - CORE\src\Error\BaseErrorHandler.php, line 168
deprecationWarning - CORE\src\Core\functions.php, line 311
Cake\Routing\RouteBuilder::extensions() - CORE\src\Routing\RouteBuilder.php, line 201
Cake\Http\BaseApplication::{closure}() - ROOT\config\routes.php, line 26
Cake\Routing\RouteBuilder::scope() - CORE\src\Routing\RouteBuilder.php, line 1008
Cake\Routing\Router::scope() - CORE\src\Routing\Router.php, line 1101
Cake\Routing\Router::prefix() - CORE\src\Routing\Router.php, line 1143
require - ROOT\config\routes.php, line 28
Cake\Http\BaseApplication::routes() - CORE\src\Http\BaseApplication.php, line 200
Cake\Console\CommandRunner::loadRoutes() - CORE\src\Console\CommandRunner.php, line 421
Cake\Console\CommandRunner::run() - CORE\src\Console\CommandRunner.php, line 146
[main] - ROOT\bin\cake.php, line 12



2020-11-18 16:49:56 Notice: Deprecated (16384): RouteBuilder::extensions() is deprecated. Use RouteBuilder::setExtensions()/getExtensions() instead. - C:\Program Files\Ampps\www\Tp1_JeanFrancoisSergerie\config\routes.php, line: 26
 You can disable deprecation warnings by setting `Error.errorLevel` to `E_ALL & ~E_USER_DEPRECATED` in your config/app.php. in [C:\Program Files\Ampps\www\Tp1_JeanFrancoisSergerie\vendor\cakephp\cakephp\src\Core\functions.php, line 311]
Trace:
Cake\Error\BaseErrorHandler::handleError() - CORE\src\Error\BaseErrorHandler.php, line 168
deprecationWarning - CORE\src\Core\functions.php, line 311
Cake\Routing\RouteBuilder::extensions() - CORE\src\Routing\RouteBuilder.php, line 201
Cake\Http\BaseApplication::{closure}() - ROOT\config\routes.php, line 26
Cake\Routing\RouteBuilder::scope() - CORE\src\Routing\RouteBuilder.php, line 1008
Cake\Routing\Router::scope() - CORE\src\Routing\Router.php, line 1101
Cake\Routing\Router::prefix() - CORE\src\Routing\Router.php, line 1143
require - ROOT\config\routes.php, line 28
Cake\Http\BaseApplication::routes() - CORE\src\Http\BaseApplication.php, line 200
Cake\Console\CommandRunner::loadRoutes() - CORE\src\Console\CommandRunner.php, line 421
Cake\Console\CommandRunner::run() - CORE\src\Console\CommandRunner.php, line 146
[main] - ROOT\bin\cake.php, line 12



2020-11-18 16:52:56 Notice: Deprecated (16384): RouteBuilder::extensions() is deprecated. Use RouteBuilder::setExtensions()/getExtensions() instead. - C:\Program Files\Ampps\www\Tp1_JeanFrancoisSergerie\config\routes.php, line: 26
 You can disable deprecation warnings by setting `Error.errorLevel` to `E_ALL & ~E_USER_DEPRECATED` in your config/app.php. in [C:\Program Files\Ampps\www\Tp1_JeanFrancoisSergerie\vendor\cakephp\cakephp\src\Core\functions.php, line 311]
Trace:
Cake\Error\BaseErrorHandler::handleError() - CORE\src\Error\BaseErrorHandler.php, line 168
deprecationWarning - CORE\src\Core\functions.php, line 311
Cake\Routing\RouteBuilder::extensions() - CORE\src\Routing\RouteBuilder.php, line 201
Cake\Http\BaseApplication::{closure}() - ROOT\config\routes.php, line 26
Cake\Routing\RouteBuilder::scope() - CORE\src\Routing\RouteBuilder.php, line 1008
Cake\Routing\Router::scope() - CORE\src\Routing\Router.php, line 1101
Cake\Routing\Router::prefix() - CORE\src\Routing\Router.php, line 1143
require - ROOT\config\routes.php, line 28
Cake\Http\BaseApplication::routes() - CORE\src\Http\BaseApplication.php, line 200
Cake\Console\CommandRunner::loadRoutes() - CORE\src\Console\CommandRunner.php, line 421
Cake\Console\CommandRunner::run() - CORE\src\Console\CommandRunner.php, line 146
[main] - ROOT\bin\cake.php, line 12



2020-11-18 16:53:33 Notice: Deprecated (16384): RouteBuilder::extensions() is deprecated. Use RouteBuilder::setExtensions()/getExtensions() instead. - C:\Program Files\Ampps\www\Tp1_JeanFrancoisSergerie\config\routes.php, line: 26
 You can disable deprecation warnings by setting `Error.errorLevel` to `E_ALL & ~E_USER_DEPRECATED` in your config/app.php. in [C:\Program Files\Ampps\www\Tp1_JeanFrancoisSergerie\vendor\cakephp\cakephp\src\Core\functions.php, line 311]
Trace:
Cake\Error\BaseErrorHandler::handleError() - CORE\src\Error\BaseErrorHandler.php, line 168
deprecationWarning - CORE\src\Core\functions.php, line 311
Cake\Routing\RouteBuilder::extensions() - CORE\src\Routing\RouteBuilder.php, line 201
Cake\Http\BaseApplication::{closure}() - ROOT\config\routes.php, line 26
Cake\Routing\RouteBuilder::scope() - CORE\src\Routing\RouteBuilder.php, line 1008
Cake\Routing\Router::scope() - CORE\src\Routing\Router.php, line 1101
Cake\Routing\Router::prefix() - CORE\src\Routing\Router.php, line 1143
require - ROOT\config\routes.php, line 28
Cake\Http\BaseApplication::routes() - CORE\src\Http\BaseApplication.php, line 200
Cake\Console\CommandRunner::loadRoutes() - CORE\src\Console\CommandRunner.php, line 421
Cake\Console\CommandRunner::run() - CORE\src\Console\CommandRunner.php, line 146
[main] - ROOT\bin\cake.php, line 12



2020-11-18 16:57:58 Notice: Deprecated (16384): RouteBuilder::extensions() is deprecated. Use RouteBuilder::setExtensions()/getExtensions() instead. - C:\Program Files\Ampps\www\Tp1_JeanFrancoisSergerie\config\routes.php, line: 26
 You can disable deprecation warnings by setting `Error.errorLevel` to `E_ALL & ~E_USER_DEPRECATED` in your config/app.php. in [C:\Program Files\Ampps\www\Tp1_JeanFrancoisSergerie\vendor\cakephp\cakephp\src\Core\functions.php, line 311]
Trace:
Cake\Error\BaseErrorHandler::handleError() - CORE\src\Error\BaseErrorHandler.php, line 168
deprecationWarning - CORE\src\Core\functions.php, line 311
Cake\Routing\RouteBuilder::extensions() - CORE\src\Routing\RouteBuilder.php, line 201
Cake\Http\BaseApplication::{closure}() - ROOT\config\routes.php, line 26
Cake\Routing\RouteBuilder::scope() - CORE\src\Routing\RouteBuilder.php, line 1008
Cake\Routing\Router::scope() - CORE\src\Routing\Router.php, line 1101
Cake\Routing\Router::prefix() - CORE\src\Routing\Router.php, line 1143
require - ROOT\config\routes.php, line 28
Cake\Http\BaseApplication::routes() - CORE\src\Http\BaseApplication.php, line 200
Cake\Console\CommandRunner::loadRoutes() - CORE\src\Console\CommandRunner.php, line 421
Cake\Console\CommandRunner::run() - CORE\src\Console\CommandRunner.php, line 146
[main] - ROOT\bin\cake.php, line 12



2020-11-18 16:59:02 Notice: Deprecated (16384): RouteBuilder::extensions() is deprecated. Use RouteBuilder::setExtensions()/getExtensions() instead. - C:\Program Files\Ampps\www\Tp1_JeanFrancoisSergerie\config\routes.php, line: 26
 You can disable deprecation warnings by setting `Error.errorLevel` to `E_ALL & ~E_USER_DEPRECATED` in your config/app.php. in [C:\Program Files\Ampps\www\Tp1_JeanFrancoisSergerie\vendor\cakephp\cakephp\src\Core\functions.php, line 311]
Trace:
Cake\Error\BaseErrorHandler::handleError() - CORE\src\Error\BaseErrorHandler.php, line 168
deprecationWarning - CORE\src\Core\functions.php, line 311
Cake\Routing\RouteBuilder::extensions() - CORE\src\Routing\RouteBuilder.php, line 201
Cake\Http\BaseApplication::{closure}() - ROOT\config\routes.php, line 26
Cake\Routing\RouteBuilder::scope() - CORE\src\Routing\RouteBuilder.php, line 1008
Cake\Routing\Router::scope() - CORE\src\Routing\Router.php, line 1101
Cake\Routing\Router::prefix() - CORE\src\Routing\Router.php, line 1143
require - ROOT\config\routes.php, line 28
Cake\Http\BaseApplication::routes() - CORE\src\Http\BaseApplication.php, line 200
Cake\Console\CommandRunner::loadRoutes() - CORE\src\Console\CommandRunner.php, line 421
Cake\Console\CommandRunner::run() - CORE\src\Console\CommandRunner.php, line 146
[main] - ROOT\bin\cake.php, line 12



2020-11-18 16:59:42 Notice: Deprecated (16384): RouteBuilder::extensions() is deprecated. Use RouteBuilder::setExtensions()/getExtensions() instead. - C:\Program Files\Ampps\www\Tp1_JeanFrancoisSergerie\config\routes.php, line: 26
 You can disable deprecation warnings by setting `Error.errorLevel` to `E_ALL & ~E_USER_DEPRECATED` in your config/app.php. in [C:\Program Files\Ampps\www\Tp1_JeanFrancoisSergerie\vendor\cakephp\cakephp\src\Core\functions.php, line 311]
Trace:
Cake\Error\BaseErrorHandler::handleError() - CORE\src\Error\BaseErrorHandler.php, line 168
deprecationWarning - CORE\src\Core\functions.php, line 311
Cake\Routing\RouteBuilder::extensions() - CORE\src\Routing\RouteBuilder.php, line 201
Cake\Http\BaseApplication::{closure}() - ROOT\config\routes.php, line 26
Cake\Routing\RouteBuilder::scope() - CORE\src\Routing\RouteBuilder.php, line 1008
Cake\Routing\Router::scope() - CORE\src\Routing\Router.php, line 1101
Cake\Routing\Router::prefix() - CORE\src\Routing\Router.php, line 1143
require - ROOT\config\routes.php, line 28
Cake\Http\BaseApplication::routes() - CORE\src\Http\BaseApplication.php, line 200
Cake\Console\CommandRunner::loadRoutes() - CORE\src\Console\CommandRunner.php, line 421
Cake\Console\CommandRunner::run() - CORE\src\Console\CommandRunner.php, line 146
[main] - ROOT\bin\cake.php, line 12



2020-11-18 17:01:23 Notice: Deprecated (16384): RouteBuilder::extensions() is deprecated. Use RouteBuilder::setExtensions()/getExtensions() instead. - C:\Program Files\Ampps\www\Tp1_JeanFrancoisSergerie\config\routes.php, line: 26
 You can disable deprecation warnings by setting `Error.errorLevel` to `E_ALL & ~E_USER_DEPRECATED` in your config/app.php. in [C:\Program Files\Ampps\www\Tp1_JeanFrancoisSergerie\vendor\cakephp\cakephp\src\Core\functions.php, line 311]
Trace:
Cake\Error\BaseErrorHandler::handleError() - CORE\src\Error\BaseErrorHandler.php, line 168
deprecationWarning - CORE\src\Core\functions.php, line 311
Cake\Routing\RouteBuilder::extensions() - CORE\src\Routing\RouteBuilder.php, line 201
Cake\Http\BaseApplication::{closure}() - ROOT\config\routes.php, line 26
Cake\Routing\RouteBuilder::scope() - CORE\src\Routing\RouteBuilder.php, line 1008
Cake\Routing\Router::scope() - CORE\src\Routing\Router.php, line 1101
Cake\Routing\Router::prefix() - CORE\src\Routing\Router.php, line 1143
require - ROOT\config\routes.php, line 28
Cake\Http\BaseApplication::routes() - CORE\src\Http\BaseApplication.php, line 200
Cake\Console\CommandRunner::loadRoutes() - CORE\src\Console\CommandRunner.php, line 421
Cake\Console\CommandRunner::run() - CORE\src\Console\CommandRunner.php, line 146
[main] - ROOT\bin\cake.php, line 12



2020-11-18 17:02:25 Notice: Deprecated (16384): RouteBuilder::extensions() is deprecated. Use RouteBuilder::setExtensions()/getExtensions() instead. - C:\Program Files\Ampps\www\Tp1_JeanFrancoisSergerie\config\routes.php, line: 26
 You can disable deprecation warnings by setting `Error.errorLevel` to `E_ALL & ~E_USER_DEPRECATED` in your config/app.php. in [C:\Program Files\Ampps\www\Tp1_JeanFrancoisSergerie\vendor\cakephp\cakephp\src\Core\functions.php, line 311]
Trace:
Cake\Error\BaseErrorHandler::handleError() - CORE\src\Error\BaseErrorHandler.php, line 168
deprecationWarning - CORE\src\Core\functions.php, line 311
Cake\Routing\RouteBuilder::extensions() - CORE\src\Routing\RouteBuilder.php, line 201
Cake\Http\BaseApplication::{closure}() - ROOT\config\routes.php, line 26
Cake\Routing\RouteBuilder::scope() - CORE\src\Routing\RouteBuilder.php, line 1008
Cake\Routing\Router::scope() - CORE\src\Routing\Router.php, line 1101
Cake\Routing\Router::prefix() - CORE\src\Routing\Router.php, line 1143
require - ROOT\config\routes.php, line 28
Cake\Http\BaseApplication::routes() - CORE\src\Http\BaseApplication.php, line 200
Cake\Console\CommandRunner::loadRoutes() - CORE\src\Console\CommandRunner.php, line 421
Cake\Console\CommandRunner::run() - CORE\src\Console\CommandRunner.php, line 146
[main] - ROOT\bin\cake.php, line 12



2020-11-18 17:05:49 Notice: Deprecated (16384): RouteBuilder::extensions() is deprecated. Use RouteBuilder::setExtensions()/getExtensions() instead. - C:\Program Files\Ampps\www\Tp1_JeanFrancoisSergerie\config\routes.php, line: 26
 You can disable deprecation warnings by setting `Error.errorLevel` to `E_ALL & ~E_USER_DEPRECATED` in your config/app.php. in [C:\Program Files\Ampps\www\Tp1_JeanFrancoisSergerie\vendor\cakephp\cakephp\src\Core\functions.php, line 311]
Trace:
Cake\Error\BaseErrorHandler::handleError() - CORE\src\Error\BaseErrorHandler.php, line 168
deprecationWarning - CORE\src\Core\functions.php, line 311
Cake\Routing\RouteBuilder::extensions() - CORE\src\Routing\RouteBuilder.php, line 201
Cake\Http\BaseApplication::{closure}() - ROOT\config\routes.php, line 26
Cake\Routing\RouteBuilder::scope() - CORE\src\Routing\RouteBuilder.php, line 1008
Cake\Routing\Router::scope() - CORE\src\Routing\Router.php, line 1101
Cake\Routing\Router::prefix() - CORE\src\Routing\Router.php, line 1143
require - ROOT\config\routes.php, line 28
Cake\Http\BaseApplication::routes() - CORE\src\Http\BaseApplication.php, line 200
Cake\Console\CommandRunner::loadRoutes() - CORE\src\Console\CommandRunner.php, line 421
Cake\Console\CommandRunner::run() - CORE\src\Console\CommandRunner.php, line 146
[main] - ROOT\bin\cake.php, line 12



2020-11-18 17:06:10 Notice: Deprecated (16384): RouteBuilder::extensions() is deprecated. Use RouteBuilder::setExtensions()/getExtensions() instead. - C:\Program Files\Ampps\www\Tp1_JeanFrancoisSergerie\config\routes.php, line: 26
 You can disable deprecation warnings by setting `Error.errorLevel` to `E_ALL & ~E_USER_DEPRECATED` in your config/app.php. in [C:\Program Files\Ampps\www\Tp1_JeanFrancoisSergerie\vendor\cakephp\cakephp\src\Core\functions.php, line 311]
Trace:
Cake\Error\BaseErrorHandler::handleError() - CORE\src\Error\BaseErrorHandler.php, line 168
deprecationWarning - CORE\src\Core\functions.php, line 311
Cake\Routing\RouteBuilder::extensions() - CORE\src\Routing\RouteBuilder.php, line 201
Cake\Http\BaseApplication::{closure}() - ROOT\config\routes.php, line 26
Cake\Routing\RouteBuilder::scope() - CORE\src\Routing\RouteBuilder.php, line 1008
Cake\Routing\Router::scope() - CORE\src\Routing\Router.php, line 1101
Cake\Routing\Router::prefix() - CORE\src\Routing\Router.php, line 1143
require - ROOT\config\routes.php, line 28
Cake\Http\BaseApplication::routes() - CORE\src\Http\BaseApplication.php, line 200
Cake\Console\CommandRunner::loadRoutes() - CORE\src\Console\CommandRunner.php, line 421
Cake\Console\CommandRunner::run() - CORE\src\Console\CommandRunner.php, line 146
[main] - ROOT\bin\cake.php, line 12



2020-11-18 17:06:44 Notice: Deprecated (16384): RouteBuilder::extensions() is deprecated. Use RouteBuilder::setExtensions()/getExtensions() instead. - C:\Program Files\Ampps\www\Tp1_JeanFrancoisSergerie\config\routes.php, line: 26
 You can disable deprecation warnings by setting `Error.errorLevel` to `E_ALL & ~E_USER_DEPRECATED` in your config/app.php. in [C:\Program Files\Ampps\www\Tp1_JeanFrancoisSergerie\vendor\cakephp\cakephp\src\Core\functions.php, line 311]
Trace:
Cake\Error\BaseErrorHandler::handleError() - CORE\src\Error\BaseErrorHandler.php, line 168
deprecationWarning - CORE\src\Core\functions.php, line 311
Cake\Routing\RouteBuilder::extensions() - CORE\src\Routing\RouteBuilder.php, line 201
Cake\Http\BaseApplication::{closure}() - ROOT\config\routes.php, line 26
Cake\Routing\RouteBuilder::scope() - CORE\src\Routing\RouteBuilder.php, line 1008
Cake\Routing\Router::scope() - CORE\src\Routing\Router.php, line 1101
Cake\Routing\Router::prefix() - CORE\src\Routing\Router.php, line 1143
require - ROOT\config\routes.php, line 28
Cake\Http\BaseApplication::routes() - CORE\src\Http\BaseApplication.php, line 200
Cake\Console\CommandRunner::loadRoutes() - CORE\src\Console\CommandRunner.php, line 421
Cake\Console\CommandRunner::run() - CORE\src\Console\CommandRunner.php, line 146
[main] - ROOT\bin\cake.php, line 12



2020-11-18 17:11:52 Notice: Deprecated (16384): RouteBuilder::extensions() is deprecated. Use RouteBuilder::setExtensions()/getExtensions() instead. - C:\Program Files\Ampps\www\Tp1_JeanFrancoisSergerie\config\routes.php, line: 26
 You can disable deprecation warnings by setting `Error.errorLevel` to `E_ALL & ~E_USER_DEPRECATED` in your config/app.php. in [C:\Program Files\Ampps\www\Tp1_JeanFrancoisSergerie\vendor\cakephp\cakephp\src\Core\functions.php, line 311]
Trace:
Cake\Error\BaseErrorHandler::handleError() - CORE\src\Error\BaseErrorHandler.php, line 168
deprecationWarning - CORE\src\Core\functions.php, line 311
Cake\Routing\RouteBuilder::extensions() - CORE\src\Routing\RouteBuilder.php, line 201
Cake\Http\BaseApplication::{closure}() - ROOT\config\routes.php, line 26
Cake\Routing\RouteBuilder::scope() - CORE\src\Routing\RouteBuilder.php, line 1008
Cake\Routing\Router::scope() - CORE\src\Routing\Router.php, line 1101
Cake\Routing\Router::prefix() - CORE\src\Routing\Router.php, line 1143
require - ROOT\config\routes.php, line 28
Cake\Http\BaseApplication::routes() - CORE\src\Http\BaseApplication.php, line 200
Cake\Console\CommandRunner::loadRoutes() - CORE\src\Console\CommandRunner.php, line 421
Cake\Console\CommandRunner::run() - CORE\src\Console\CommandRunner.php, line 146
[main] - ROOT\bin\cake.php, line 12



2020-11-18 17:14:30 Notice: Deprecated (16384): RouteBuilder::extensions() is deprecated. Use RouteBuilder::setExtensions()/getExtensions() instead. - C:\Program Files\Ampps\www\Tp1_JeanFrancoisSergerie\config\routes.php, line: 26
 You can disable deprecation warnings by setting `Error.errorLevel` to `E_ALL & ~E_USER_DEPRECATED` in your config/app.php. in [C:\Program Files\Ampps\www\Tp1_JeanFrancoisSergerie\vendor\cakephp\cakephp\src\Core\functions.php, line 311]
Trace:
Cake\Error\BaseErrorHandler::handleError() - CORE\src\Error\BaseErrorHandler.php, line 168
deprecationWarning - CORE\src\Core\functions.php, line 311
Cake\Routing\RouteBuilder::extensions() - CORE\src\Routing\RouteBuilder.php, line 201
Cake\Http\BaseApplication::{closure}() - ROOT\config\routes.php, line 26
Cake\Routing\RouteBuilder::scope() - CORE\src\Routing\RouteBuilder.php, line 1008
Cake\Routing\Router::scope() - CORE\src\Routing\Router.php, line 1101
Cake\Routing\Router::prefix() - CORE\src\Routing\Router.php, line 1143
require - ROOT\config\routes.php, line 28
Cake\Http\BaseApplication::routes() - CORE\src\Http\BaseApplication.php, line 200
Cake\Console\CommandRunner::loadRoutes() - CORE\src\Console\CommandRunner.php, line 421
Cake\Console\CommandRunner::run() - CORE\src\Console\CommandRunner.php, line 146
[main] - ROOT\bin\cake.php, line 12



2020-11-18 17:16:22 Notice: Deprecated (16384): RouteBuilder::extensions() is deprecated. Use RouteBuilder::setExtensions()/getExtensions() instead. - C:\Program Files\Ampps\www\Tp1_JeanFrancoisSergerie\config\routes.php, line: 26
 You can disable deprecation warnings by setting `Error.errorLevel` to `E_ALL & ~E_USER_DEPRECATED` in your config/app.php. in [C:\Program Files\Ampps\www\Tp1_JeanFrancoisSergerie\vendor\cakephp\cakephp\src\Core\functions.php, line 311]
Trace:
Cake\Error\BaseErrorHandler::handleError() - CORE\src\Error\BaseErrorHandler.php, line 168
deprecationWarning - CORE\src\Core\functions.php, line 311
Cake\Routing\RouteBuilder::extensions() - CORE\src\Routing\RouteBuilder.php, line 201
Cake\Http\BaseApplication::{closure}() - ROOT\config\routes.php, line 26
Cake\Routing\RouteBuilder::scope() - CORE\src\Routing\RouteBuilder.php, line 1008
Cake\Routing\Router::scope() - CORE\src\Routing\Router.php, line 1101
Cake\Routing\Router::prefix() - CORE\src\Routing\Router.php, line 1143
require - ROOT\config\routes.php, line 28
Cake\Http\BaseApplication::routes() - CORE\src\Http\BaseApplication.php, line 200
Cake\Console\CommandRunner::loadRoutes() - CORE\src\Console\CommandRunner.php, line 421
Cake\Console\CommandRunner::run() - CORE\src\Console\CommandRunner.php, line 146
[main] - ROOT\bin\cake.php, line 12



2020-11-19 15:41:30 Notice: Deprecated (16384): RouteBuilder::extensions() is deprecated. Use RouteBuilder::setExtensions()/getExtensions() instead. - C:\Program Files\Ampps\www\Tp1_JeanFrancoisSergerie\config\routes.php, line: 26
 You can disable deprecation warnings by setting `Error.errorLevel` to `E_ALL & ~E_USER_DEPRECATED` in your config/app.php. in [C:\Program Files\Ampps\www\Tp1_JeanFrancoisSergerie\vendor\cakephp\cakephp\src\Core\functions.php, line 311]
Trace:
Cake\Error\BaseErrorHandler::handleError() - CORE\src\Error\BaseErrorHandler.php, line 168
deprecationWarning - CORE\src\Core\functions.php, line 311
Cake\Routing\RouteBuilder::extensions() - CORE\src\Routing\RouteBuilder.php, line 201
Cake\Http\BaseApplication::{closure}() - ROOT\config\routes.php, line 26
Cake\Routing\RouteBuilder::scope() - CORE\src\Routing\RouteBuilder.php, line 1008
Cake\Routing\Router::scope() - CORE\src\Routing\Router.php, line 1101
Cake\Routing\Router::prefix() - CORE\src\Routing\Router.php, line 1143
require - ROOT\config\routes.php, line 28
Cake\Http\BaseApplication::routes() - CORE\src\Http\BaseApplication.php, line 200
Cake\Console\CommandRunner::loadRoutes() - CORE\src\Console\CommandRunner.php, line 421
Cake\Console\CommandRunner::run() - CORE\src\Console\CommandRunner.php, line 146
[main] - ROOT\bin\cake.php, line 12



2020-11-29 01:28:17 Notice: Deprecated (16384): RouteBuilder::extensions() is deprecated. Use RouteBuilder::setExtensions()/getExtensions() instead. - C:\Program Files\Ampps\www\Tp1_JeanFrancoisSergerie\config\routes.php, line: 26
 You can disable deprecation warnings by setting `Error.errorLevel` to `E_ALL & ~E_USER_DEPRECATED` in your config/app.php. in [C:\Program Files\Ampps\www\Tp1_JeanFrancoisSergerie\vendor\cakephp\cakephp\src\Core\functions.php, line 311]
Trace:
Cake\Error\BaseErrorHandler::handleError() - CORE\src\Error\BaseErrorHandler.php, line 168
deprecationWarning - CORE\src\Core\functions.php, line 311
Cake\Routing\RouteBuilder::extensions() - CORE\src\Routing\RouteBuilder.php, line 201
Cake\Http\BaseApplication::{closure}() - ROOT\config\routes.php, line 26
Cake\Routing\RouteBuilder::scope() - CORE\src\Routing\RouteBuilder.php, line 1008
Cake\Routing\Router::scope() - CORE\src\Routing\Router.php, line 1101
Cake\Routing\Router::prefix() - CORE\src\Routing\Router.php, line 1143
require - ROOT\config\routes.php, line 28
Cake\Http\BaseApplication::routes() - CORE\src\Http\BaseApplication.php, line 200
Cake\Console\CommandRunner::loadRoutes() - CORE\src\Console\CommandRunner.php, line 421
Cake\Console\CommandRunner::run() - CORE\src\Console\CommandRunner.php, line 146
[main] - ROOT\bin\cake.php, line 12



2020-11-29 01:28:23 Notice: Deprecated (16384): RouteBuilder::extensions() is deprecated. Use RouteBuilder::setExtensions()/getExtensions() instead. - C:\Program Files\Ampps\www\Tp1_JeanFrancoisSergerie\config\routes.php, line: 26
 You can disable deprecation warnings by setting `Error.errorLevel` to `E_ALL & ~E_USER_DEPRECATED` in your config/app.php. in [C:\Program Files\Ampps\www\Tp1_JeanFrancoisSergerie\vendor\cakephp\cakephp\src\Core\functions.php, line 311]
Trace:
Cake\Error\BaseErrorHandler::handleError() - CORE\src\Error\BaseErrorHandler.php, line 168
deprecationWarning - CORE\src\Core\functions.php, line 311
Cake\Routing\RouteBuilder::extensions() - CORE\src\Routing\RouteBuilder.php, line 201
Cake\Http\BaseApplication::{closure}() - ROOT\config\routes.php, line 26
Cake\Routing\RouteBuilder::scope() - CORE\src\Routing\RouteBuilder.php, line 1008
Cake\Routing\Router::scope() - CORE\src\Routing\Router.php, line 1101
Cake\Routing\Router::prefix() - CORE\src\Routing\Router.php, line 1143
require - ROOT\config\routes.php, line 28
Cake\Http\BaseApplication::routes() - CORE\src\Http\BaseApplication.php, line 200
Cake\Console\CommandRunner::loadRoutes() - CORE\src\Console\CommandRunner.php, line 421
Cake\Console\CommandRunner::run() - CORE\src\Console\CommandRunner.php, line 146
[main] - ROOT\bin\cake.php, line 12



2020-11-29 01:31:44 Notice: Deprecated (16384): RouteBuilder::extensions() is deprecated. Use RouteBuilder::setExtensions()/getExtensions() instead. - C:\Program Files\Ampps\www\Tp1_JeanFrancoisSergerie\config\routes.php, line: 26
 You can disable deprecation warnings by setting `Error.errorLevel` to `E_ALL & ~E_USER_DEPRECATED` in your config/app.php. in [C:\Program Files\Ampps\www\Tp1_JeanFrancoisSergerie\vendor\cakephp\cakephp\src\Core\functions.php, line 311]
Trace:
Cake\Error\BaseErrorHandler::handleError() - CORE\src\Error\BaseErrorHandler.php, line 168
deprecationWarning - CORE\src\Core\functions.php, line 311
Cake\Routing\RouteBuilder::extensions() - CORE\src\Routing\RouteBuilder.php, line 201
Cake\Http\BaseApplication::{closure}() - ROOT\config\routes.php, line 26
Cake\Routing\RouteBuilder::scope() - CORE\src\Routing\RouteBuilder.php, line 1008
Cake\Routing\Router::scope() - CORE\src\Routing\Router.php, line 1101
Cake\Routing\Router::prefix() - CORE\src\Routing\Router.php, line 1143
require - ROOT\config\routes.php, line 28
Cake\Http\BaseApplication::routes() - CORE\src\Http\BaseApplication.php, line 200
Cake\Console\CommandRunner::loadRoutes() - CORE\src\Console\CommandRunner.php, line 421
Cake\Console\CommandRunner::run() - CORE\src\Console\CommandRunner.php, line 146
[main] - ROOT\bin\cake.php, line 12



2020-12-15 15:16:35 Notice: Deprecated (16384): RouteBuilder::extensions() is deprecated. Use RouteBuilder::setExtensions()/getExtensions() instead. - C:\Program Files\Ampps\www\Tp1_JeanFrancoisSergerie\config\routes.php, line: 26
 You can disable deprecation warnings by setting `Error.errorLevel` to `E_ALL & ~E_USER_DEPRECATED` in your config/app.php. in [C:\Program Files\Ampps\www\Tp1_JeanFrancoisSergerie\vendor\cakephp\cakephp\src\Core\functions.php, line 311]
Trace:
Cake\Error\BaseErrorHandler::handleError() - CORE\src\Error\BaseErrorHandler.php, line 168
deprecationWarning - CORE\src\Core\functions.php, line 311
Cake\Routing\RouteBuilder::extensions() - CORE\src\Routing\RouteBuilder.php, line 201
Cake\Http\BaseApplication::{closure}() - ROOT\config\routes.php, line 26
Cake\Routing\RouteBuilder::scope() - CORE\src\Routing\RouteBuilder.php, line 1008
Cake\Routing\Router::scope() - CORE\src\Routing\Router.php, line 1101
Cake\Routing\Router::prefix() - CORE\src\Routing\Router.php, line 1143
require - ROOT\config\routes.php, line 28
Cake\Http\BaseApplication::routes() - CORE\src\Http\BaseApplication.php, line 200
Cake\Console\CommandRunner::loadRoutes() - CORE\src\Console\CommandRunner.php, line 421
Cake\Console\CommandRunner::run() - CORE\src\Console\CommandRunner.php, line 146
[main] - ROOT\bin\cake.php, line 12



