2020-12-22 20:53:04 Debug: duration=13 rows=6 SHOW FULL COLUMNS FROM `products`
2020-12-22 20:53:04 Debug: duration=7 rows=2 SHOW INDEXES FROM `products`
2020-12-22 20:53:04 Debug: duration=12 rows=1 SELECT * FROM information_schema.key_column_usage AS kcu
            INNER JOIN information_schema.referential_constraints AS rc
            ON (
                kcu.CONSTRAINT_NAME = rc.CONSTRAINT_NAME
                AND kcu.CONSTRAINT_SCHEMA = rc.CONSTRAINT_SCHEMA
            )
            WHERE kcu.TABLE_SCHEMA = 'productsfeatures' AND kcu.TABLE_NAME = 'products' AND rc.TABLE_NAME = 'products'
2020-12-22 20:53:04 Debug: duration=4 rows=1 SHOW TABLE STATUS WHERE Name = 'products'
2020-12-22 20:53:04 Debug: duration=2 rows=6 SHOW FULL COLUMNS FROM `i18n`
2020-12-22 20:53:04 Debug: duration=10 rows=8 SHOW INDEXES FROM `i18n`
2020-12-22 20:53:04 Debug: duration=7 rows=0 SELECT * FROM information_schema.key_column_usage AS kcu
            INNER JOIN information_schema.referential_constraints AS rc
            ON (
                kcu.CONSTRAINT_NAME = rc.CONSTRAINT_NAME
                AND kcu.CONSTRAINT_SCHEMA = rc.CONSTRAINT_SCHEMA
            )
            WHERE kcu.TABLE_SCHEMA = 'productsfeatures' AND kcu.TABLE_NAME = 'i18n' AND rc.TABLE_NAME = 'i18n'
2020-12-22 20:53:04 Debug: duration=1 rows=1 SHOW TABLE STATUS WHERE Name = 'i18n'
2020-12-22 20:53:04 Debug: duration=11 rows=9 SELECT Products.id AS `Products__id`, Products.product_name AS `Products__product_name`, Products.product_description AS `Products__product_description`, Products.price AS `Products__price`, Products.other_details AS `Products__other_details`, Products.user_id AS `Products__user_id`, Products_title_translation.id AS `Products_title_translation__id`, Products_title_translation.locale AS `Products_title_translation__locale`, Products_title_translation.model AS `Products_title_translation__model`, Products_title_translation.foreign_key AS `Products_title_translation__foreign_key`, Products_title_translation.field AS `Products_title_translation__field`, Products_title_translation.content AS `Products_title_translation__content`, Products_product_description_translation.id AS `Products_product_description_translation__id`, Products_product_description_translation.locale AS `Products_product_description_translation__locale`, Products_product_description_translation.model AS `Products_product_description_translation__model`, Products_product_description_translation.foreign_key AS `Products_product_description_translation__foreign_key`, Products_product_description_translation.field AS `Products_product_description_translation__field`, Products_product_description_translation.content AS `Products_product_description_translation__content`, Products_product_name_translation.id AS `Products_product_name_translation__id`, Products_product_name_translation.locale AS `Products_product_name_translation__locale`, Products_product_name_translation.model AS `Products_product_name_translation__model`, Products_product_name_translation.foreign_key AS `Products_product_name_translation__foreign_key`, Products_product_name_translation.field AS `Products_product_name_translation__field`, Products_product_name_translation.content AS `Products_product_name_translation__content` FROM products Products LEFT JOIN i18n Products_title_translation ON (Products_title_translation.model = 'Products' AND Products_title_translation.field = 'title' AND Products_title_translation.locale = 'fr_CA' AND Products.id = (Products_title_translation.foreign_key)) LEFT JOIN i18n Products_product_description_translation ON (Products_product_description_translation.model = 'Products' AND Products_product_description_translation.field = 'product_description' AND Products_product_description_translation.locale = 'fr_CA' AND Products.id = (Products_product_description_translation.foreign_key)) LEFT JOIN i18n Products_product_name_translation ON (Products_product_name_translation.model = 'Products' AND Products_product_name_translation.field = 'product_name' AND Products_product_name_translation.locale = 'fr_CA' AND Products.id = (Products_product_name_translation.foreign_key))
2020-12-22 20:53:05 Debug: duration=1 rows=9 SELECT Products.id AS `Products__id`, Products.product_name AS `Products__product_name`, Products.product_description AS `Products__product_description`, Products.price AS `Products__price`, Products.other_details AS `Products__other_details`, Products.user_id AS `Products__user_id` FROM products Products
2020-12-22 20:53:11 Debug: duration=1 rows=9 SELECT Products.id AS `Products__id`, Products.product_name AS `Products__product_name`, Products.product_description AS `Products__product_description`, Products.price AS `Products__price`, Products.other_details AS `Products__other_details`, Products.user_id AS `Products__user_id`, Products_title_translation.id AS `Products_title_translation__id`, Products_title_translation.locale AS `Products_title_translation__locale`, Products_title_translation.model AS `Products_title_translation__model`, Products_title_translation.foreign_key AS `Products_title_translation__foreign_key`, Products_title_translation.field AS `Products_title_translation__field`, Products_title_translation.content AS `Products_title_translation__content`, Products_product_description_translation.id AS `Products_product_description_translation__id`, Products_product_description_translation.locale AS `Products_product_description_translation__locale`, Products_product_description_translation.model AS `Products_product_description_translation__model`, Products_product_description_translation.foreign_key AS `Products_product_description_translation__foreign_key`, Products_product_description_translation.field AS `Products_product_description_translation__field`, Products_product_description_translation.content AS `Products_product_description_translation__content`, Products_product_name_translation.id AS `Products_product_name_translation__id`, Products_product_name_translation.locale AS `Products_product_name_translation__locale`, Products_product_name_translation.model AS `Products_product_name_translation__model`, Products_product_name_translation.foreign_key AS `Products_product_name_translation__foreign_key`, Products_product_name_translation.field AS `Products_product_name_translation__field`, Products_product_name_translation.content AS `Products_product_name_translation__content` FROM products Products LEFT JOIN i18n Products_title_translation ON (Products_title_translation.model = 'Products' AND Products_title_translation.field = 'title' AND Products_title_translation.locale = 'fr_CA' AND Products.id = (Products_title_translation.foreign_key)) LEFT JOIN i18n Products_product_description_translation ON (Products_product_description_translation.model = 'Products' AND Products_product_description_translation.field = 'product_description' AND Products_product_description_translation.locale = 'fr_CA' AND Products.id = (Products_product_description_translation.foreign_key)) LEFT JOIN i18n Products_product_name_translation ON (Products_product_name_translation.model = 'Products' AND Products_product_name_translation.field = 'product_name' AND Products_product_name_translation.locale = 'fr_CA' AND Products.id = (Products_product_name_translation.foreign_key))
2020-12-22 20:53:11 Debug: duration=0 rows=9 SELECT Products.id AS `Products__id`, Products.product_name AS `Products__product_name`, Products.product_description AS `Products__product_description`, Products.price AS `Products__price`, Products.other_details AS `Products__other_details`, Products.user_id AS `Products__user_id` FROM products Products
2020-12-22 20:53:15 Debug: duration=2 rows=7 SHOW FULL COLUMNS FROM `users`
2020-12-22 20:53:15 Debug: duration=3 rows=1 SHOW INDEXES FROM `users`
2020-12-22 20:53:15 Debug: duration=6 rows=0 SELECT * FROM information_schema.key_column_usage AS kcu
            INNER JOIN information_schema.referential_constraints AS rc
            ON (
                kcu.CONSTRAINT_NAME = rc.CONSTRAINT_NAME
                AND kcu.CONSTRAINT_SCHEMA = rc.CONSTRAINT_SCHEMA
            )
            WHERE kcu.TABLE_SCHEMA = 'productsfeatures' AND kcu.TABLE_NAME = 'users' AND rc.TABLE_NAME = 'users'
2020-12-22 20:53:15 Debug: duration=1 rows=1 SHOW TABLE STATUS WHERE Name = 'users'
2020-12-22 20:53:15 Debug: duration=3 rows=1 SELECT Users.id AS `Users__id`, Users.username AS `Users__username`, Users.email AS `Users__email`, Users.password AS `Users__password`, Users.uuid AS `Users__uuid`, Users.active AS `Users__active`, Users.role AS `Users__role` FROM users Users WHERE (Users.username = 'admin' AND Users.active = 1) LIMIT 1
2020-12-22 20:53:27 Debug: duration=0 rows=1 SELECT Users.id AS `Users__id`, Users.username AS `Users__username`, Users.email AS `Users__email`, Users.password AS `Users__password`, Users.uuid AS `Users__uuid`, Users.active AS `Users__active`, Users.role AS `Users__role` FROM users Users WHERE (Users.id = 4 AND Users.active = 1) LIMIT 1
2020-12-22 20:53:27 Debug: duration=0 rows=1 SELECT Products.id AS `Products__id`, Products.product_name AS `Products__product_name`, Products.product_description AS `Products__product_description`, Products.price AS `Products__price`, Products.other_details AS `Products__other_details`, Products.user_id AS `Products__user_id` FROM products Products WHERE Products.id = 60 LIMIT 1
2020-12-22 20:53:53 Debug: duration=0 rows=1 SELECT Users.id AS `Users__id`, Users.username AS `Users__username`, Users.email AS `Users__email`, Users.password AS `Users__password`, Users.uuid AS `Users__uuid`, Users.active AS `Users__active`, Users.role AS `Users__role` FROM users Users WHERE (Users.username = 'admin' AND Users.active = 1) LIMIT 1
2020-12-22 20:53:55 Debug: duration=0 rows=1 SELECT Users.id AS `Users__id`, Users.username AS `Users__username`, Users.email AS `Users__email`, Users.password AS `Users__password`, Users.uuid AS `Users__uuid`, Users.active AS `Users__active`, Users.role AS `Users__role` FROM users Users WHERE (Users.id = 4 AND Users.active = 1) LIMIT 1
2020-12-22 20:53:55 Debug: duration=0 rows=1 SELECT Products.id AS `Products__id`, Products.product_name AS `Products__product_name`, Products.product_description AS `Products__product_description`, Products.price AS `Products__price`, Products.other_details AS `Products__other_details`, Products.user_id AS `Products__user_id` FROM products Products WHERE Products.id = 60 LIMIT 1
2020-12-22 20:53:55 Debug: duration=0 rows=0 BEGIN
2020-12-22 20:53:55 Debug: duration=1 rows=0 DELETE FROM i18n WHERE (foreign_key = 60 AND model = 'Products')
2020-12-22 20:53:55 Debug: duration=1 rows=3 SHOW FULL COLUMNS FROM `features_products`
2020-12-22 20:53:55 Debug: duration=5 rows=3 SHOW INDEXES FROM `features_products`
2020-12-22 20:53:55 Debug: duration=6 rows=2 SELECT * FROM information_schema.key_column_usage AS kcu
            INNER JOIN information_schema.referential_constraints AS rc
            ON (
                kcu.CONSTRAINT_NAME = rc.CONSTRAINT_NAME
                AND kcu.CONSTRAINT_SCHEMA = rc.CONSTRAINT_SCHEMA
            )
            WHERE kcu.TABLE_SCHEMA = 'productsfeatures' AND kcu.TABLE_NAME = 'features_products' AND rc.TABLE_NAME = 'features_products'
2020-12-22 20:53:55 Debug: duration=1 rows=1 SHOW TABLE STATUS WHERE Name = 'features_products'
2020-12-22 20:53:55 Debug: duration=1 rows=0 DELETE FROM features_products WHERE product_id = 60
2020-12-22 20:53:55 Debug: duration=1 rows=3 SHOW FULL COLUMNS FROM `files_products`
2020-12-22 20:53:55 Debug: duration=4 rows=3 SHOW INDEXES FROM `files_products`
2020-12-22 20:53:55 Debug: duration=6 rows=2 SELECT * FROM information_schema.key_column_usage AS kcu
            INNER JOIN information_schema.referential_constraints AS rc
            ON (
                kcu.CONSTRAINT_NAME = rc.CONSTRAINT_NAME
                AND kcu.CONSTRAINT_SCHEMA = rc.CONSTRAINT_SCHEMA
            )
            WHERE kcu.TABLE_SCHEMA = 'productsfeatures' AND kcu.TABLE_NAME = 'files_products' AND rc.TABLE_NAME = 'files_products'
2020-12-22 20:53:55 Debug: duration=1 rows=1 SHOW TABLE STATUS WHERE Name = 'files_products'
2020-12-22 20:53:55 Debug: duration=1 rows=0 DELETE FROM files_products WHERE product_id = 60
2020-12-22 20:53:55 Debug: duration=1 rows=1 DELETE FROM products WHERE id = 60
2020-12-22 20:53:55 Debug: duration=0 rows=0 COMMIT
2020-12-22 20:53:55 Debug: duration=0 rows=8 SELECT Products.id AS `Products__id`, Products.product_name AS `Products__product_name`, Products.product_description AS `Products__product_description`, Products.price AS `Products__price`, Products.other_details AS `Products__other_details`, Products.user_id AS `Products__user_id` FROM products Products
2020-12-22 20:54:47 Debug: duration=1 rows=8 SELECT Products.id AS `Products__id`, Products.product_name AS `Products__product_name`, Products.product_description AS `Products__product_description`, Products.price AS `Products__price`, Products.other_details AS `Products__other_details`, Products.user_id AS `Products__user_id`, Products_title_translation.id AS `Products_title_translation__id`, Products_title_translation.locale AS `Products_title_translation__locale`, Products_title_translation.model AS `Products_title_translation__model`, Products_title_translation.foreign_key AS `Products_title_translation__foreign_key`, Products_title_translation.field AS `Products_title_translation__field`, Products_title_translation.content AS `Products_title_translation__content`, Products_product_description_translation.id AS `Products_product_description_translation__id`, Products_product_description_translation.locale AS `Products_product_description_translation__locale`, Products_product_description_translation.model AS `Products_product_description_translation__model`, Products_product_description_translation.foreign_key AS `Products_product_description_translation__foreign_key`, Products_product_description_translation.field AS `Products_product_description_translation__field`, Products_product_description_translation.content AS `Products_product_description_translation__content`, Products_product_name_translation.id AS `Products_product_name_translation__id`, Products_product_name_translation.locale AS `Products_product_name_translation__locale`, Products_product_name_translation.model AS `Products_product_name_translation__model`, Products_product_name_translation.foreign_key AS `Products_product_name_translation__foreign_key`, Products_product_name_translation.field AS `Products_product_name_translation__field`, Products_product_name_translation.content AS `Products_product_name_translation__content` FROM products Products LEFT JOIN i18n Products_title_translation ON (Products_title_translation.model = 'Products' AND Products_title_translation.field = 'title' AND Products_title_translation.locale = 'fr_CA' AND Products.id = (Products_title_translation.foreign_key)) LEFT JOIN i18n Products_product_description_translation ON (Products_product_description_translation.model = 'Products' AND Products_product_description_translation.field = 'product_description' AND Products_product_description_translation.locale = 'fr_CA' AND Products.id = (Products_product_description_translation.foreign_key)) LEFT JOIN i18n Products_product_name_translation ON (Products_product_name_translation.model = 'Products' AND Products_product_name_translation.field = 'product_name' AND Products_product_name_translation.locale = 'fr_CA' AND Products.id = (Products_product_name_translation.foreign_key))
2020-12-22 20:54:47 Debug: duration=0 rows=8 SELECT Products.id AS `Products__id`, Products.product_name AS `Products__product_name`, Products.product_description AS `Products__product_description`, Products.price AS `Products__price`, Products.other_details AS `Products__other_details`, Products.user_id AS `Products__user_id` FROM products Products
2020-12-22 20:54:53 Debug: duration=0 rows=1 SELECT Users.id AS `Users__id`, Users.username AS `Users__username`, Users.email AS `Users__email`, Users.password AS `Users__password`, Users.uuid AS `Users__uuid`, Users.active AS `Users__active`, Users.role AS `Users__role` FROM users Users WHERE (Users.username = 'admin' AND Users.active = 1) LIMIT 1
2020-12-22 21:01:24 Debug: duration=1 rows=6 SHOW FULL COLUMNS FROM `products`
2020-12-22 21:01:24 Debug: duration=1 rows=2 SHOW INDEXES FROM `products`
2020-12-22 21:01:24 Debug: duration=7 rows=1 SELECT * FROM information_schema.key_column_usage AS kcu
            INNER JOIN information_schema.referential_constraints AS rc
            ON (
                kcu.CONSTRAINT_NAME = rc.CONSTRAINT_NAME
                AND kcu.CONSTRAINT_SCHEMA = rc.CONSTRAINT_SCHEMA
            )
            WHERE kcu.TABLE_SCHEMA = 'productsfeatures' AND kcu.TABLE_NAME = 'products' AND rc.TABLE_NAME = 'products'
2020-12-22 21:01:24 Debug: duration=1 rows=1 SHOW TABLE STATUS WHERE Name = 'products'
2020-12-22 21:01:24 Debug: duration=1 rows=6 SHOW FULL COLUMNS FROM `i18n`
2020-12-22 21:01:24 Debug: duration=1 rows=8 SHOW INDEXES FROM `i18n`
2020-12-22 21:01:24 Debug: duration=6 rows=0 SELECT * FROM information_schema.key_column_usage AS kcu
            INNER JOIN information_schema.referential_constraints AS rc
            ON (
                kcu.CONSTRAINT_NAME = rc.CONSTRAINT_NAME
                AND kcu.CONSTRAINT_SCHEMA = rc.CONSTRAINT_SCHEMA
            )
            WHERE kcu.TABLE_SCHEMA = 'productsfeatures' AND kcu.TABLE_NAME = 'i18n' AND rc.TABLE_NAME = 'i18n'
2020-12-22 21:01:24 Debug: duration=1 rows=1 SHOW TABLE STATUS WHERE Name = 'i18n'
2020-12-22 21:01:24 Debug: duration=1 rows=8 SELECT Products.id AS `Products__id`, Products.product_name AS `Products__product_name`, Products.product_description AS `Products__product_description`, Products.price AS `Products__price`, Products.other_details AS `Products__other_details`, Products.user_id AS `Products__user_id`, Products_title_translation.id AS `Products_title_translation__id`, Products_title_translation.locale AS `Products_title_translation__locale`, Products_title_translation.model AS `Products_title_translation__model`, Products_title_translation.foreign_key AS `Products_title_translation__foreign_key`, Products_title_translation.field AS `Products_title_translation__field`, Products_title_translation.content AS `Products_title_translation__content`, Products_product_description_translation.id AS `Products_product_description_translation__id`, Products_product_description_translation.locale AS `Products_product_description_translation__locale`, Products_product_description_translation.model AS `Products_product_description_translation__model`, Products_product_description_translation.foreign_key AS `Products_product_description_translation__foreign_key`, Products_product_description_translation.field AS `Products_product_description_translation__field`, Products_product_description_translation.content AS `Products_product_description_translation__content`, Products_product_name_translation.id AS `Products_product_name_translation__id`, Products_product_name_translation.locale AS `Products_product_name_translation__locale`, Products_product_name_translation.model AS `Products_product_name_translation__model`, Products_product_name_translation.foreign_key AS `Products_product_name_translation__foreign_key`, Products_product_name_translation.field AS `Products_product_name_translation__field`, Products_product_name_translation.content AS `Products_product_name_translation__content` FROM products Products LEFT JOIN i18n Products_title_translation ON (Products_title_translation.model = 'Products' AND Products_title_translation.field = 'title' AND Products_title_translation.locale = 'fr_CA' AND Products.id = (Products_title_translation.foreign_key)) LEFT JOIN i18n Products_product_description_translation ON (Products_product_description_translation.model = 'Products' AND Products_product_description_translation.field = 'product_description' AND Products_product_description_translation.locale = 'fr_CA' AND Products.id = (Products_product_description_translation.foreign_key)) LEFT JOIN i18n Products_product_name_translation ON (Products_product_name_translation.model = 'Products' AND Products_product_name_translation.field = 'product_name' AND Products_product_name_translation.locale = 'fr_CA' AND Products.id = (Products_product_name_translation.foreign_key))
2020-12-22 21:01:25 Debug: duration=0 rows=8 SELECT Products.id AS `Products__id`, Products.product_name AS `Products__product_name`, Products.product_description AS `Products__product_description`, Products.price AS `Products__price`, Products.other_details AS `Products__other_details`, Products.user_id AS `Products__user_id` FROM products Products
2020-12-23 00:50:56 Debug: duration=1 rows=6 SHOW FULL COLUMNS FROM `products`
2020-12-23 00:50:56 Debug: duration=1 rows=2 SHOW INDEXES FROM `products`
2020-12-23 00:50:56 Debug: duration=11 rows=1 SELECT * FROM information_schema.key_column_usage AS kcu
            INNER JOIN information_schema.referential_constraints AS rc
            ON (
                kcu.CONSTRAINT_NAME = rc.CONSTRAINT_NAME
                AND kcu.CONSTRAINT_SCHEMA = rc.CONSTRAINT_SCHEMA
            )
            WHERE kcu.TABLE_SCHEMA = 'productsfeatures' AND kcu.TABLE_NAME = 'products' AND rc.TABLE_NAME = 'products'
2020-12-23 00:50:56 Debug: duration=1 rows=1 SHOW TABLE STATUS WHERE Name = 'products'
2020-12-23 00:50:56 Debug: duration=1 rows=6 SHOW FULL COLUMNS FROM `i18n`
2020-12-23 00:50:56 Debug: duration=1 rows=8 SHOW INDEXES FROM `i18n`
2020-12-23 00:50:56 Debug: duration=6 rows=0 SELECT * FROM information_schema.key_column_usage AS kcu
            INNER JOIN information_schema.referential_constraints AS rc
            ON (
                kcu.CONSTRAINT_NAME = rc.CONSTRAINT_NAME
                AND kcu.CONSTRAINT_SCHEMA = rc.CONSTRAINT_SCHEMA
            )
            WHERE kcu.TABLE_SCHEMA = 'productsfeatures' AND kcu.TABLE_NAME = 'i18n' AND rc.TABLE_NAME = 'i18n'
2020-12-23 00:50:56 Debug: duration=1 rows=1 SHOW TABLE STATUS WHERE Name = 'i18n'
2020-12-23 00:50:56 Debug: duration=1 rows=8 SELECT Products.id AS `Products__id`, Products.product_name AS `Products__product_name`, Products.product_description AS `Products__product_description`, Products.price AS `Products__price`, Products.other_details AS `Products__other_details`, Products.user_id AS `Products__user_id`, Products_title_translation.id AS `Products_title_translation__id`, Products_title_translation.locale AS `Products_title_translation__locale`, Products_title_translation.model AS `Products_title_translation__model`, Products_title_translation.foreign_key AS `Products_title_translation__foreign_key`, Products_title_translation.field AS `Products_title_translation__field`, Products_title_translation.content AS `Products_title_translation__content`, Products_product_description_translation.id AS `Products_product_description_translation__id`, Products_product_description_translation.locale AS `Products_product_description_translation__locale`, Products_product_description_translation.model AS `Products_product_description_translation__model`, Products_product_description_translation.foreign_key AS `Products_product_description_translation__foreign_key`, Products_product_description_translation.field AS `Products_product_description_translation__field`, Products_product_description_translation.content AS `Products_product_description_translation__content`, Products_product_name_translation.id AS `Products_product_name_translation__id`, Products_product_name_translation.locale AS `Products_product_name_translation__locale`, Products_product_name_translation.model AS `Products_product_name_translation__model`, Products_product_name_translation.foreign_key AS `Products_product_name_translation__foreign_key`, Products_product_name_translation.field AS `Products_product_name_translation__field`, Products_product_name_translation.content AS `Products_product_name_translation__content` FROM products Products LEFT JOIN i18n Products_title_translation ON (Products_title_translation.model = 'Products' AND Products_title_translation.field = 'title' AND Products_title_translation.locale = 'fr_CA' AND Products.id = (Products_title_translation.foreign_key)) LEFT JOIN i18n Products_product_description_translation ON (Products_product_description_translation.model = 'Products' AND Products_product_description_translation.field = 'product_description' AND Products_product_description_translation.locale = 'fr_CA' AND Products.id = (Products_product_description_translation.foreign_key)) LEFT JOIN i18n Products_product_name_translation ON (Products_product_name_translation.model = 'Products' AND Products_product_name_translation.field = 'product_name' AND Products_product_name_translation.locale = 'fr_CA' AND Products.id = (Products_product_name_translation.foreign_key))
2020-12-23 00:50:57 Debug: duration=0 rows=8 SELECT Products.id AS `Products__id`, Products.product_name AS `Products__product_name`, Products.product_description AS `Products__product_description`, Products.price AS `Products__price`, Products.other_details AS `Products__other_details`, Products.user_id AS `Products__user_id` FROM products Products
